<?xml version="1.0" encoding="UTF-8"?>
<!-- Generated by org.testng.reporters.JUnitXMLReporter -->
<testsuite ignored="0" hostname="Acer" failures="0" tests="5" name="Test3" time="0.494" errors="0" timestamp="2023-10-08T11:02:58 IST">
  <testcase classname="TestPack.AddToCartAndBuyProductTestClass" name="@BeforeTest launchTheBrowser" time="0.455">
    <failure type="org.openqa.selenium.remote.NoSuchDriverException" message="Unable to obtain: Capabilities {browserName: MicrosoftEdge, ms:edgeOptions: {args: [--remote-allow-origins=*], extensions: []}}, error Command failed with code: 65, executed: [--browser, MicrosoftEdge, --output, json]
error sending request for url (https://msedgedriver.azureedge.net/LATEST_RELEASE_117_WINDOWS): error trying to connect: dns error: No such host is known. (os error 11001)
Build info: version: &amp;apos;4.12.0&amp;apos;, revision: &amp;apos;249f2a7d1b*&amp;apos;
System info: os.name: &amp;apos;Windows 10&amp;apos;, os.arch: &amp;apos;amd64&amp;apos;, os.version: &amp;apos;10.0&amp;apos;, java.version: &amp;apos;20.0.1&amp;apos;
Driver info: driver.version: EdgeDriver">
      <![CDATA[org.openqa.selenium.remote.NoSuchDriverException: Unable to obtain: Capabilities {browserName: MicrosoftEdge, ms:edgeOptions: {args: [--remote-allow-origins=*], extensions: []}}, error Command failed with code: 65, executed: [--browser, MicrosoftEdge, --output, json]
error sending request for url (https://msedgedriver.azureedge.net/LATEST_RELEASE_117_WINDOWS): error trying to connect: dns error: No such host is known. (os error 11001)
Build info: version: '4.12.0', revision: '249f2a7d1b*'
System info: os.name: 'Windows 10', os.arch: 'amd64', os.version: '10.0', java.version: '20.0.1'
Driver info: driver.version: EdgeDriver
at org.openqa.selenium.remote.service.DriverFinder.getPath(DriverFinder.java:25)
at org.openqa.selenium.remote.service.DriverFinder.getPath(DriverFinder.java:13)
at org.openqa.selenium.edge.EdgeDriver.generateExecutor(EdgeDriver.java:71)
at org.openqa.selenium.edge.EdgeDriver.<init>(EdgeDriver.java:60)
at org.openqa.selenium.edge.EdgeDriver.<init>(EdgeDriver.java:56)
at org.openqa.selenium.edge.EdgeDriver.<init>(EdgeDriver.java:48)
at org.openqa.selenium.edge.EdgeDriver.<init>(EdgeDriver.java:44)
at TestPack.AddToCartAndBuyProductTestClass.launchTheBrowser(AddToCartAndBuyProductTestClass.java:55)
Caused by: org.openqa.selenium.WebDriverException: Command failed with code: 65, executed: [--browser, MicrosoftEdge, --output, json]
error sending request for url (https://msedgedriver.azureedge.net/LATEST_RELEASE_117_WINDOWS): error trying to connect: dns error: No such host is known. (os error 11001)
Build info: version: '4.12.0', revision: '249f2a7d1b*'
System info: os.name: 'Windows 10', os.arch: 'amd64', os.version: '10.0', java.version: '20.0.1'
Driver info: driver.version: EdgeDriver
at org.openqa.selenium.manager.SeleniumManager.runCommand(SeleniumManager.java:138)
at org.openqa.selenium.manager.SeleniumManager.getDriverPath(SeleniumManager.java:289)
at org.openqa.selenium.remote.service.DriverFinder.getPath(DriverFinder.java:22)
... 29 more
... Removed 22 stack frames]]>
    </failure>
  </testcase> <!-- @BeforeTest launchTheBrowser -->
  <testcase classname="TestPack.Login" name="@BeforeTest launchBrowser" time="-1.696743178043E9">
    <skipped/>
  </testcase> <!-- @BeforeTest launchBrowser -->
  <testcase classname="TestPack.Login" name="@BeforeClass creatingPOMObject" time="-1.696743178046E9">
    <skipped/>
  </testcase> <!-- @BeforeClass creatingPOMObject -->
  <testcase classname="TestPack.AddToCartAndBuyProductTestClass" name="@BeforeClass POMcreation" time="-1.696743178046E9">
    <skipped/>
  </testcase> <!-- @BeforeClass POMcreation -->
  <testcase classname="TestPack.Login" name="@BeforeMethod openLoginPage" time="-1.696743178052E9">
    <skipped/>
  </testcase> <!-- @BeforeMethod openLoginPage -->
  <testcase classname="TestPack.AddToCartAndBuyProductTestClass" name="@BeforeMethod beforeMethod" time="-1.696743178053E9">
    <skipped/>
  </testcase> <!-- @BeforeMethod beforeMethod -->
  <testcase classname="TestPack.Login" name="@BeforeMethod openLoginPage" time="-1.696743178058E9">
    <skipped/>
  </testcase> <!-- @BeforeMethod openLoginPage -->
  <testcase classname="TestPack.AddToCartAndBuyProductTestClass" name="@BeforeMethod beforeMethod" time="-1.696743178061E9">
    <skipped/>
  </testcase> <!-- @BeforeMethod beforeMethod -->
  <testcase classname="TestPack.Login" name="@BeforeMethod openLoginPage" time="-1.696743178065E9">
    <skipped/>
  </testcase> <!-- @BeforeMethod openLoginPage -->
  <testcase classname="TestPack.AddToCartAndBuyProductTestClass" name="@AfterClass clearObject" time="-1.696743178068E9">
    <skipped/>
  </testcase> <!-- @AfterClass clearObject -->
  <testcase classname="TestPack.Login" name="@AfterClass clearObject" time="-1.696743178071E9">
    <skipped/>
  </testcase> <!-- @AfterClass clearObject -->
  <testcase classname="TestPack.AddToCartAndBuyProductTestClass" name="@AfterTest closeTheBrowser" time="-1.696743178073E9">
    <skipped/>
  </testcase> <!-- @AfterTest closeTheBrowser -->
  <testcase classname="TestPack.Login" name="@AfterTest closeBrowser" time="-1.696743178075E9">
    <skipped/>
  </testcase> <!-- @AfterTest closeBrowser -->
  <testcase classname="TestPack.Login" name="withInValidEmail" time="0.0">
    <skipped/>
  </testcase> <!-- withInValidEmail -->
  <testcase classname="TestPack.AddToCartAndBuyProductTestClass" name="test1" time="0.0">
    <skipped/>
  </testcase> <!-- test1 -->
  <testcase classname="TestPack.Login" name="withValidCredential" time="0.0">
    <skipped/>
  </testcase> <!-- withValidCredential -->
  <testcase classname="TestPack.AddToCartAndBuyProductTestClass" name="test2" time="0.0">
    <skipped/>
  </testcase> <!-- test2 -->
  <testcase classname="TestPack.Login" name="withValidEmailAndWrongPassword" time="0.0">
    <skipped/>
  </testcase> <!-- withValidEmailAndWrongPassword -->
</testsuite> <!-- Test3 -->
