<?xml version="1.0" encoding="UTF-8"?>
<!-- Generated by org.testng.reporters.JUnitXMLReporter -->
<testsuite ignored="0" hostname="Acer" failures="2" tests="5" name="Test10" time="118.866" errors="0" timestamp="2023-10-14T19:30:56 IST">
  <testcase classname="TestPack.Login" name="withValidCredential" time="8.424">
    <failure type="java.lang.AssertionError" message="expected [https://www.amazon.in/?ref_=nav_ya_signin] but found [https://www.amazon.in/ap/cvf/request?arb=3afc09bc-90b4-489d-b1a6-000c8364678c]">
      <![CDATA[java.lang.AssertionError: expected [https://www.amazon.in/?ref_=nav_ya_signin] but found [https://www.amazon.in/ap/cvf/request?arb=3afc09bc-90b4-489d-b1a6-000c8364678c]
at TestPack.Login.withValidCredential(Login.java:94)
at java.base/java.util.concurrent.ThreadPoolExecutor.runWorker(ThreadPoolExecutor.java:1144)
at java.base/java.util.concurrent.ThreadPoolExecutor$Worker.run(ThreadPoolExecutor.java:642)
at java.base/java.lang.Thread.run(Thread.java:1623)
... Removed 16 stack frames]]>
    </failure>
  </testcase> <!-- withValidCredential -->
  <testcase classname="TestPack.Login" name="withValidEmailAndWrongPassword" time="5.287"/>
  <testcase classname="TestPack.AddToCartAndBuyProductTestClass" name="test1" time="1.451"/>
  <testcase classname="TestPack.Login" name="withInValidEmail" time="1.946"/>
  <testcase classname="TestPack.AddToCartAndBuyProductTestClass" name="test2" time="0.308">
    <failure type="java.lang.AssertionError" message="expected [Sign in] but found [Shopping Cart]">
      <![CDATA[java.lang.AssertionError: expected [Sign in] but found [Shopping Cart]
at TestPack.AddToCartAndBuyProductTestClass.test2(AddToCartAndBuyProductTestClass.java:144)
at java.base/java.util.concurrent.ThreadPoolExecutor.runWorker(ThreadPoolExecutor.java:1144)
at java.base/java.util.concurrent.ThreadPoolExecutor$Worker.run(ThreadPoolExecutor.java:642)
at java.base/java.lang.Thread.run(Thread.java:1623)
... Removed 16 stack frames]]>
    </failure>
  </testcase> <!-- test2 -->
</testsuite> <!-- Test10 -->
