<?xml version="1.0" encoding="UTF-8"?>
<!-- Generated by org.testng.reporters.JUnitXMLReporter -->
<testsuite ignored="0" hostname="Acer" failures="0" tests="5" name="Test43433" time="70.156" errors="0" timestamp="2023-10-03T23:01:31 IST">
  <testcase classname="TestPack.AddToCartAndBuyProductTestClass" name="@BeforeMethod beforeMethod" time="23.854">
    <failure type="java.lang.IndexOutOfBoundsException" message="Index 1 out of bounds for length 1">
      <![CDATA[java.lang.IndexOutOfBoundsException: Index 1 out of bounds for length 1
at java.base/jdk.internal.util.Preconditions.outOfBounds(Preconditions.java:100)
at java.base/jdk.internal.util.Preconditions.outOfBoundsCheckIndex(Preconditions.java:106)
at java.base/jdk.internal.util.Preconditions.checkIndex(Preconditions.java:302)
at java.base/java.util.Objects.checkIndex(Objects.java:385)
at java.base/java.util.ArrayList.get(ArrayList.java:427)
at TestPack.AddToCartAndBuyProductTestClass.beforeMethod(AddToCartAndBuyProductTestClass.java:45)
at java.base/java.util.concurrent.ThreadPoolExecutor.runWorker(ThreadPoolExecutor.java:1144)
at java.base/java.util.concurrent.ThreadPoolExecutor$Worker.run(ThreadPoolExecutor.java:642)
at java.base/java.lang.Thread.run(Thread.java:1623)
... Removed 14 stack frames]]>
    </failure>
  </testcase> <!-- @BeforeMethod beforeMethod -->
  <testcase classname="TestPack.AddToCartAndBuyProductTestClass" name="@BeforeMethod beforeMethod" time="-1.696354262261E9">
    <skipped/>
  </testcase> <!-- @BeforeMethod beforeMethod -->
  <testcase classname="TestPack.AddToCartAndBuyProductTestClass" name="@AfterClass afterClass" time="-1.696354262268E9">
    <skipped/>
  </testcase> <!-- @AfterClass afterClass -->
  <testcase classname="TestPack.Login" name="withInValidEmail" time="1.448"/>
  <testcase classname="TestPack.AddToCartAndBuyProductTestClass" name="test1" time="0.0">
    <skipped/>
  </testcase> <!-- test1 -->
  <testcase classname="TestPack.AddToCartAndBuyProductTestClass" name="test2" time="0.0">
    <skipped/>
  </testcase> <!-- test2 -->
  <testcase classname="TestPack.Login" name="withValidCredential" time="2.664"/>
  <testcase classname="TestPack.Login" name="withValidEmailAndWrongPassword" time="2.335"/>
</testsuite> <!-- Test43433 -->
