<?xml version="1.0" encoding="UTF-8"?>
<!-- Generated by org.testng.reporters.JUnitXMLReporter -->
<testsuite ignored="0" hostname="Acer" failures="0" tests="2" name="Default test(failed)" time="0.08" errors="0" timestamp="2023-10-08T11:17:53 IST">
  <testcase classname="TestPack.AddToCartAndBuyProductTestClass" name="@BeforeTest launchTheBrowser" time="-1.696744072984E9">
    <failure type="org.testng.TestNGException" message="
Parameter &amp;apos;browser&amp;apos; is required by BeforeTest on method launchTheBrowser but has not been marked @Optional or defined
in C:\Users\Devendra Vishvakarma\eclipse-workspace\Amazon_Maven\test-output\Default suite\testng-failed.xml">
      <![CDATA[org.testng.TestNGException: 
Parameter 'browser' is required by BeforeTest on method launchTheBrowser but has not been marked @Optional or defined
in C:\Users\Devendra Vishvakarma\eclipse-workspace\Amazon_Maven\test-output\Default suite\testng-failed.xml
... Removed 21 stack frames]]>
    </failure>
  </testcase> <!-- @BeforeTest launchTheBrowser -->
  <testcase classname="TestPack.AddToCartAndBuyProductTestClass" name="@BeforeClass POMcreation" time="-1.696744073018E9">
    <skipped/>
  </testcase> <!-- @BeforeClass POMcreation -->
  <testcase classname="TestPack.AddToCartAndBuyProductTestClass" name="@BeforeMethod beforeMethod" time="-1.696744073036E9">
    <skipped/>
  </testcase> <!-- @BeforeMethod beforeMethod -->
  <testcase classname="TestPack.AddToCartAndBuyProductTestClass" name="@BeforeMethod beforeMethod" time="-1.696744073047E9">
    <skipped/>
  </testcase> <!-- @BeforeMethod beforeMethod -->
  <testcase classname="TestPack.AddToCartAndBuyProductTestClass" name="@AfterClass clearObject" time="-1.696744073053E9">
    <skipped/>
  </testcase> <!-- @AfterClass clearObject -->
  <testcase classname="TestPack.AddToCartAndBuyProductTestClass" name="@AfterTest closeTheBrowser" time="-1.696744073055E9">
    <skipped/>
  </testcase> <!-- @AfterTest closeTheBrowser -->
  <testcase classname="TestPack.AddToCartAndBuyProductTestClass" name="test1" time="0.0">
    <skipped/>
  </testcase> <!-- test1 -->
  <testcase classname="TestPack.AddToCartAndBuyProductTestClass" name="test2" time="0.0">
    <skipped/>
  </testcase> <!-- test2 -->
</testsuite> <!-- Default test(failed) -->
