<?xml version="1.0" encoding="UTF-8"?>
<testng-results ignored="0" total="5" passed="3" failed="2" skipped="0">
  <reporter-output>
  </reporter-output>
  <suite started-at="2023-10-14T19:28:57 IST" name="Suite" finished-at="2023-10-14T19:30:56 IST" duration-ms="118866">
    <groups>
    </groups>
    <test started-at="2023-10-14T19:28:57 IST" name="Test10" finished-at="2023-10-14T19:30:56 IST" duration-ms="118866">
      <class name="TestPack.AddToCartAndBuyProductTestClass">
        <test-method is-config="true" signature="launchTheBrowser(java.lang.String)[pri:0, instance:TestPack.AddToCartAndBuyProductTestClass@38d8f54a]" started-at="2023-10-14T19:28:57 IST" name="launchTheBrowser" finished-at="2023-10-14T19:29:14 IST" duration-ms="17435" status="PASS">
          <params>
            <param index="0">
              <value>
                <![CDATA[Chrome]]>
              </value>
            </param>
          </params>
          <reporter-output>
          </reporter-output>
        </test-method> <!-- launchTheBrowser -->
        <test-method is-config="true" signature="POMcreation()[pri:0, instance:TestPack.AddToCartAndBuyProductTestClass@38d8f54a]" started-at="2023-10-14T19:29:18 IST" name="POMcreation" finished-at="2023-10-14T19:29:19 IST" duration-ms="586" status="PASS">
          <reporter-output>
          </reporter-output>
        </test-method> <!-- POMcreation -->
        <test-method is-config="true" signature="beforeMethod()[pri:0, instance:TestPack.AddToCartAndBuyProductTestClass@38d8f54a]" started-at="2023-10-14T19:29:19 IST" name="beforeMethod" finished-at="2023-10-14T19:30:11 IST" duration-ms="52714" status="PASS">
          <reporter-output>
          </reporter-output>
        </test-method> <!-- beforeMethod -->
        <test-method signature="test1()[pri:1, instance:TestPack.AddToCartAndBuyProductTestClass@38d8f54a]" started-at="2023-10-14T19:30:11 IST" name="test1" finished-at="2023-10-14T19:30:13 IST" duration-ms="1451" status="PASS">
          <reporter-output>
          </reporter-output>
        </test-method> <!-- test1 -->
        <test-method is-config="true" signature="beforeMethod()[pri:0, instance:TestPack.AddToCartAndBuyProductTestClass@38d8f54a]" started-at="2023-10-14T19:30:13 IST" name="beforeMethod" finished-at="2023-10-14T19:30:54 IST" duration-ms="40892" status="PASS">
          <reporter-output>
          </reporter-output>
        </test-method> <!-- beforeMethod -->
        <test-method signature="test2()[pri:2, instance:TestPack.AddToCartAndBuyProductTestClass@38d8f54a]" started-at="2023-10-14T19:30:54 IST" name="test2" finished-at="2023-10-14T19:30:54 IST" duration-ms="308" status="FAIL">
          <exception class="java.lang.AssertionError">
            <message>
              <![CDATA[expected [Sign in] but found [Shopping Cart]]]>
            </message>
            <full-stacktrace>
              <![CDATA[java.lang.AssertionError: expected [Sign in] but found [Shopping Cart]
at org.testng.Assert.fail(Assert.java:99)
at org.testng.Assert.failNotEquals(Assert.java:1037)
at org.testng.Assert.assertEqualsImpl(Assert.java:140)
at org.testng.Assert.assertEquals(Assert.java:122)
at org.testng.Assert.assertEquals(Assert.java:629)
at org.testng.Assert.assertEquals(Assert.java:639)
at TestPack.AddToCartAndBuyProductTestClass.test2(AddToCartAndBuyProductTestClass.java:144)
at java.base/jdk.internal.reflect.DirectMethodHandleAccessor.invoke(DirectMethodHandleAccessor.java:104)
at java.base/java.lang.reflect.Method.invoke(Method.java:578)
at org.testng.internal.MethodInvocationHelper.invokeMethod(MethodInvocationHelper.java:133)
at org.testng.internal.TestInvoker.invokeMethod(TestInvoker.java:598)
at org.testng.internal.TestInvoker.invokeTestMethod(TestInvoker.java:173)
at org.testng.internal.MethodRunner.runInSequence(MethodRunner.java:46)
at org.testng.internal.TestInvoker$MethodInvocationAgent.invoke(TestInvoker.java:824)
at org.testng.internal.TestInvoker.invokeTestMethods(TestInvoker.java:146)
at org.testng.internal.TestMethodWorker.invokeTestMethods(TestMethodWorker.java:146)
at org.testng.internal.TestMethodWorker.run(TestMethodWorker.java:128)
at java.base/java.util.concurrent.ThreadPoolExecutor.runWorker(ThreadPoolExecutor.java:1144)
at java.base/java.util.concurrent.ThreadPoolExecutor$Worker.run(ThreadPoolExecutor.java:642)
at java.base/java.lang.Thread.run(Thread.java:1623)
]]>
            </full-stacktrace>
          </exception> <!-- java.lang.AssertionError -->
          <reporter-output>
          </reporter-output>
        </test-method> <!-- test2 -->
        <test-method is-config="true" signature="clearObject()[pri:0, instance:TestPack.AddToCartAndBuyProductTestClass@38d8f54a]" started-at="2023-10-14T19:30:54 IST" name="clearObject" finished-at="2023-10-14T19:30:54 IST" duration-ms="1" status="PASS">
          <reporter-output>
          </reporter-output>
        </test-method> <!-- clearObject -->
        <test-method is-config="true" signature="closeTheBrowser()[pri:0, instance:TestPack.AddToCartAndBuyProductTestClass@38d8f54a]" started-at="2023-10-14T19:30:54 IST" name="closeTheBrowser" finished-at="2023-10-14T19:30:55 IST" duration-ms="1216" status="PASS">
          <reporter-output>
          </reporter-output>
        </test-method> <!-- closeTheBrowser -->
      </class> <!-- TestPack.AddToCartAndBuyProductTestClass -->
      <class name="TestPack.Login">
        <test-method is-config="true" signature="launchBrowser(java.lang.String)[pri:0, instance:TestPack.Login@42a48628]" started-at="2023-10-14T19:29:14 IST" name="launchBrowser" finished-at="2023-10-14T19:29:18 IST" duration-ms="3299" status="PASS">
          <params>
            <param index="0">
              <value>
                <![CDATA[Chrome]]>
              </value>
            </param>
          </params>
          <reporter-output>
          </reporter-output>
        </test-method> <!-- launchBrowser -->
        <test-method is-config="true" signature="creatingPOMObject()[pri:0, instance:TestPack.Login@42a48628]" started-at="2023-10-14T19:29:18 IST" name="creatingPOMObject" finished-at="2023-10-14T19:29:18 IST" duration-ms="374" status="PASS">
          <reporter-output>
          </reporter-output>
        </test-method> <!-- creatingPOMObject -->
        <test-method is-config="true" signature="openLoginPage()[pri:0, instance:TestPack.Login@42a48628]" started-at="2023-10-14T19:29:18 IST" name="openLoginPage" finished-at="2023-10-14T19:29:31 IST" duration-ms="12188" status="PASS">
          <reporter-output>
          </reporter-output>
        </test-method> <!-- openLoginPage -->
        <test-method signature="withValidCredential()[pri:1, instance:TestPack.Login@42a48628]" started-at="2023-10-14T19:29:31 IST" name="withValidCredential" finished-at="2023-10-14T19:29:39 IST" duration-ms="8424" status="FAIL">
          <exception class="java.lang.AssertionError">
            <message>
              <![CDATA[expected [https://www.amazon.in/?ref_=nav_ya_signin] but found [https://www.amazon.in/ap/cvf/request?arb=3afc09bc-90b4-489d-b1a6-000c8364678c]]]>
            </message>
            <full-stacktrace>
              <![CDATA[java.lang.AssertionError: expected [https://www.amazon.in/?ref_=nav_ya_signin] but found [https://www.amazon.in/ap/cvf/request?arb=3afc09bc-90b4-489d-b1a6-000c8364678c]
at org.testng.Assert.fail(Assert.java:99)
at org.testng.Assert.failNotEquals(Assert.java:1037)
at org.testng.Assert.assertEqualsImpl(Assert.java:140)
at org.testng.Assert.assertEquals(Assert.java:122)
at org.testng.Assert.assertEquals(Assert.java:629)
at org.testng.Assert.assertEquals(Assert.java:639)
at TestPack.Login.withValidCredential(Login.java:94)
at java.base/jdk.internal.reflect.DirectMethodHandleAccessor.invoke(DirectMethodHandleAccessor.java:104)
at java.base/java.lang.reflect.Method.invoke(Method.java:578)
at org.testng.internal.MethodInvocationHelper.invokeMethod(MethodInvocationHelper.java:133)
at org.testng.internal.TestInvoker.invokeMethod(TestInvoker.java:598)
at org.testng.internal.TestInvoker.invokeTestMethod(TestInvoker.java:173)
at org.testng.internal.MethodRunner.runInSequence(MethodRunner.java:46)
at org.testng.internal.TestInvoker$MethodInvocationAgent.invoke(TestInvoker.java:824)
at org.testng.internal.TestInvoker.invokeTestMethods(TestInvoker.java:146)
at org.testng.internal.TestMethodWorker.invokeTestMethods(TestMethodWorker.java:146)
at org.testng.internal.TestMethodWorker.run(TestMethodWorker.java:128)
at java.base/java.util.concurrent.ThreadPoolExecutor.runWorker(ThreadPoolExecutor.java:1144)
at java.base/java.util.concurrent.ThreadPoolExecutor$Worker.run(ThreadPoolExecutor.java:642)
at java.base/java.lang.Thread.run(Thread.java:1623)
]]>
            </full-stacktrace>
          </exception> <!-- java.lang.AssertionError -->
          <reporter-output>
          </reporter-output>
        </test-method> <!-- withValidCredential -->
        <test-method is-config="true" signature="takeFailedScreenshotOrLOgout(org.testng.ITestResult)[pri:0, instance:TestPack.Login@42a48628]" started-at="2023-10-14T19:29:39 IST" name="takeFailedScreenshotOrLOgout" finished-at="2023-10-14T19:29:45 IST" duration-ms="5630" status="PASS">
          <params>
            <param index="0">
              <value>
                <![CDATA[[TestResult name=withValidCredential status=FAILURE method=Login.withValidCredential()[pri:1, instance:TestPack.Login@42a48628] output={null}]]]>
              </value>
            </param>
          </params>
          <reporter-output>
          </reporter-output>
        </test-method> <!-- takeFailedScreenshotOrLOgout -->
        <test-method is-config="true" signature="openLoginPage()[pri:0, instance:TestPack.Login@42a48628]" started-at="2023-10-14T19:29:45 IST" name="openLoginPage" finished-at="2023-10-14T19:30:04 IST" duration-ms="18891" status="PASS">
          <reporter-output>
          </reporter-output>
        </test-method> <!-- openLoginPage -->
        <test-method signature="withValidEmailAndWrongPassword()[pri:2, instance:TestPack.Login@42a48628]" started-at="2023-10-14T19:30:04 IST" name="withValidEmailAndWrongPassword" finished-at="2023-10-14T19:30:09 IST" duration-ms="5287" status="PASS">
          <reporter-output>
          </reporter-output>
        </test-method> <!-- withValidEmailAndWrongPassword -->
        <test-method is-config="true" signature="takeFailedScreenshotOrLOgout(org.testng.ITestResult)[pri:0, instance:TestPack.Login@42a48628]" started-at="2023-10-14T19:30:09 IST" name="takeFailedScreenshotOrLOgout" finished-at="2023-10-14T19:30:09 IST" duration-ms="9" status="PASS">
          <params>
            <param index="0">
              <value>
                <![CDATA[[TestResult name=withValidEmailAndWrongPassword status=SUCCESS method=Login.withValidEmailAndWrongPassword()[pri:2, instance:TestPack.Login@42a48628] output={null}]]]>
              </value>
            </param>
          </params>
          <reporter-output>
          </reporter-output>
        </test-method> <!-- takeFailedScreenshotOrLOgout -->
        <test-method is-config="true" signature="openLoginPage()[pri:0, instance:TestPack.Login@42a48628]" started-at="2023-10-14T19:30:09 IST" name="openLoginPage" finished-at="2023-10-14T19:30:20 IST" duration-ms="11371" status="PASS">
          <reporter-output>
          </reporter-output>
        </test-method> <!-- openLoginPage -->
        <test-method signature="withInValidEmail()[pri:3, instance:TestPack.Login@42a48628]" started-at="2023-10-14T19:30:20 IST" name="withInValidEmail" finished-at="2023-10-14T19:30:22 IST" duration-ms="1946" status="PASS">
          <reporter-output>
          </reporter-output>
        </test-method> <!-- withInValidEmail -->
        <test-method is-config="true" signature="takeFailedScreenshotOrLOgout(org.testng.ITestResult)[pri:0, instance:TestPack.Login@42a48628]" started-at="2023-10-14T19:30:22 IST" name="takeFailedScreenshotOrLOgout" finished-at="2023-10-14T19:30:22 IST" duration-ms="8" status="PASS">
          <params>
            <param index="0">
              <value>
                <![CDATA[[TestResult name=withInValidEmail status=SUCCESS method=Login.withInValidEmail()[pri:3, instance:TestPack.Login@42a48628] output={null}]]]>
              </value>
            </param>
          </params>
          <reporter-output>
          </reporter-output>
        </test-method> <!-- takeFailedScreenshotOrLOgout -->
        <test-method is-config="true" signature="clearObject()[pri:0, instance:TestPack.Login@42a48628]" started-at="2023-10-14T19:30:22 IST" name="clearObject" finished-at="2023-10-14T19:30:22 IST" duration-ms="1" status="PASS">
          <reporter-output>
          </reporter-output>
        </test-method> <!-- clearObject -->
        <test-method is-config="true" signature="closeBrowser()[pri:0, instance:TestPack.Login@42a48628]" started-at="2023-10-14T19:30:55 IST" name="closeBrowser" finished-at="2023-10-14T19:30:56 IST" duration-ms="605" status="PASS">
          <reporter-output>
          </reporter-output>
        </test-method> <!-- closeBrowser -->
      </class> <!-- TestPack.Login -->
    </test> <!-- Test10 -->
  </suite> <!-- Suite -->
</testng-results>
